<?xml version="1.0" encoding="UTF-8"?>
<!-- Generated by org.testng.reporters.JUnitXMLReporter -->
<testsuite hostname="DESKTOP-5ESQ5SM" ignored="0" name="Default test" tests="2" failures="0" timestamp="10 Sep 2020 19:16:42 GMT" time="26.624" errors="0">
  <testcase name="runScenario" time="11.006" classname="io.cucumber.testng.AbstractTestNGCucumberTests"/>
  <testcase name="runScenario" time="15.02" classname="io.cucumber.testng.AbstractTestNGCucumberTests"/>
</testsuite> <!-- Default test -->
