<?xml version="1.0" encoding="UTF-8"?>
<testng-results skipped="0" failed="0" ignored="0" total="2" passed="2">
  <reporter-output>
  </reporter-output>
  <suite name="Default suite" duration-ms="26624" started-at="2020-09-10T19:16:15Z" finished-at="2020-09-10T19:16:42Z">
    <groups>
      <group name="cucumber">
        <method signature="AbstractTestNGCucumberTests.runScenario(io.cucumber.testng.PickleEventWrapper, io.cucumber.testng.CucumberFeatureWrapper)[pri:0, instance:runners.GeneralRunner@6b927fb]" name="runScenario" class="io.cucumber.testng.AbstractTestNGCucumberTests"/>
      </group> <!-- cucumber -->
    </groups>
    <test name="Default test" duration-ms="26624" started-at="2020-09-10T19:16:15Z" finished-at="2020-09-10T19:16:42Z">
      <class name="runners.GeneralRunner">
        <test-method status="PASS" signature="setUpClass()[pri:0, instance:runners.GeneralRunner@6b927fb]" name="setUpClass" is-config="true" duration-ms="335" started-at="2020-09-10T19:16:15Z" finished-at="2020-09-10T19:16:16Z">
          <reporter-output>
          </reporter-output>
        </test-method> <!-- setUpClass -->
        <test-method status="PASS" signature="runScenario(io.cucumber.testng.PickleEventWrapper, io.cucumber.testng.CucumberFeatureWrapper)[pri:0, instance:runners.GeneralRunner@6b927fb]" name="runScenario" duration-ms="11006" started-at="2020-09-10T19:16:16Z" description="Runs Cucumber Scenarios" data-provider="scenarios" finished-at="2020-09-10T19:16:27Z">
          <params>
            <param index="0">
              <value>
                <![CDATA["In order to validate if for every search three sections Departments,Products and See Matching All options are present in the list"]]>
              </value>
            </param>
            <param index="1">
              <value>
                <![CDATA["In order to test SearchBox element works fine in MAX Home page"]]>
              </value>
            </param>
          </params>
          <reporter-output>
          </reporter-output>
        </test-method> <!-- runScenario -->
        <test-method status="PASS" signature="runScenario(io.cucumber.testng.PickleEventWrapper, io.cucumber.testng.CucumberFeatureWrapper)[pri:0, instance:runners.GeneralRunner@6b927fb]" name="runScenario" duration-ms="15020" started-at="2020-09-10T19:16:27Z" description="Runs Cucumber Scenarios" data-provider="scenarios" finished-at="2020-09-10T19:16:42Z">
          <params>
            <param index="0">
              <value>
                <![CDATA["In order to validate that user can add product into basket from See Matching All Products link"]]>
              </value>
            </param>
            <param index="1">
              <value>
                <![CDATA["In order to test SearchBox element works fine in MAX Home page"]]>
              </value>
            </param>
          </params>
          <reporter-output>
          </reporter-output>
        </test-method> <!-- runScenario -->
        <test-method status="PASS" signature="tearDownClass()[pri:0, instance:runners.GeneralRunner@6b927fb]" name="tearDownClass" is-config="true" duration-ms="195" started-at="2020-09-10T19:16:42Z" finished-at="2020-09-10T19:16:42Z">
          <reporter-output>
          </reporter-output>
        </test-method> <!-- tearDownClass -->
      </class> <!-- runners.GeneralRunner -->
    </test> <!-- Default test -->
  </suite> <!-- Default suite -->
</testng-results>
